#
# There is insufficient memory for the Java Runtime Environment to continue.
# Native memory allocation (malloc) failed to allocate 1048576 bytes for AllocateHeap
# Possible reasons:
#   The system is out of physical RAM or swap space
#   The process is running with CompressedOops enabled, and the Java Heap may be blocking the growth of the native heap
# Possible solutions:
#   Reduce memory load on the system
#   Increase physical memory or swap space
#   Check if swap backing store is full
#   Decrease Java heap size (-Xmx/-Xms)
#   Decrease number of Java threads
#   Decrease Java thread stack sizes (-Xss)
#   Set larger code cache with -XX:ReservedCodeCacheSize=
#   JVM is running with Unscaled Compressed Oops mode in which the Java heap is
#     placed in the first 4GB address space. The Java Heap base address is the
#     maximum limit for the native heap growth. Please use -XX:HeapBaseMinAddress
#     to set the Java Heap base and to place the Java Heap above 4GB virtual address.
# This output file may be truncated or incomplete.
#
#  Out of Memory Error (memory/allocation.inline.hpp:61), pid=27028, tid=0x0000000000008bb8
#
# JRE version:  (8.0_241-b07) (build )
# Java VM: Java HotSpot(TM) 64-Bit Server VM (25.241-b07 mixed mode windows-amd64 compressed oops)
# Failed to write core dump. Minidumps are not enabled by default on client versions of Windows
#

---------------  T H R E A D  ---------------

Current thread (0x0000000002a5d800):  JavaThread "Unknown thread" [_thread_in_vm, id=35768, stack(0x0000000000f90000,0x0000000001090000)]

Stack: [0x0000000000f90000,0x0000000001090000]
[error occurred during error reporting (printing stack bounds), id 0xc0000005]

Native frames: (J=compiled Java code, j=interpreted, Vv=VM code, C=native code)


---------------  P R O C E S S  ---------------

Java Threads: ( => current thread )

Other Threads:

=>0x0000000002a5d800 (exited) JavaThread "Unknown thread" [_thread_in_vm, id=35768, stack(0x0000000000f90000,0x0000000001090000)]

VM state:not at safepoint (normal execution)

VM Mutex/Monitor currently owned by a thread: None

heap address: 0x0000000082e00000, size: 2002 MB, Compressed Oops mode: 32-bit
Narrow klass base: 0x0000000000000000, Narrow klass shift: 3
Compressed class space size: 1073741824 Address: 0x0000000100000000

Heap:
 PSYoungGen      total 37888K, used 655K [0x00000000d6500000, 0x00000000d8f00000, 0x0000000100000000)
  eden space 32768K, 2% used [0x00000000d6500000,0x00000000d65a3d80,0x00000000d8500000)
  from space 5120K, 0% used [0x00000000d8a00000,0x00000000d8a00000,0x00000000d8f00000)
  to   space 5120K, 0% used [0x00000000d8500000,0x00000000d8500000,0x00000000d8a00000)
 ParOldGen       total 86016K, used 0K [0x0000000082e00000, 0x0000000088200000, 0x00000000d6500000)
  object space 86016K, 0% used [0x0000000082e00000,0x0000000082e00000,0x0000000088200000)
 Metaspace       used 752K, capacity 4480K, committed 4480K, reserved 1056768K
  class space    used 76K, capacity 384K, committed 384K, reserved 1048576K

Card table byte_map: [0x0000000011e50000,0x0000000012240000] byte_map_base: 0x0000000011a39000

Marking Bits: (ParMarkBitMap*) 0x0000000054b5be30
 Begin Bits: [0x00000000128e0000, 0x0000000014828000)
 End Bits:   [0x0000000014828000, 0x0000000016770000)

Polling page: 0x0000000000c60000

CodeCache: size=245760Kb used=328Kb max_used=328Kb free=245431Kb
 bounds [0x0000000002a90000, 0x0000000002d00000, 0x0000000011a90000]
 total_blobs=58 nmethods=0 adapters=38
 compilation: enabled

Compilation events (0 events):
No events

GC Heap History (0 events):
No events

Deoptimization events (0 events):
No events

Classes redefined (0 events):
No events

Internal exceptions (0 events):
No events

Events (10 events):
Event: 0.026 loading class java/lang/Short
Event: 0.026 loading class java/lang/Short done
Event: 0.026 loading class java/lang/Integer
Event: 0.026 loading class java/lang/Integer done
Event: 0.026 loading class java/lang/Long
Event: 0.026 loading class java/lang/Long done
Event: 0.027 loading class java/lang/NullPointerException
Event: 0.027 loading class java/lang/NullPointerException done
Event: 0.027 loading class java/lang/ArithmeticException
Event: 0.027 loading class java/lang/ArithmeticException done


Dynamic libraries:
0x00007ff7fe220000 - 0x00007ff7fe257000 	C:\Program Files\Java\jre1.8.0_241\bin\javaw.exe
0x00007ff8691a0000 - 0x00007ff869390000 	C:\WINDOWS\SYSTEM32\ntdll.dll
0x00007ff8690a0000 - 0x00007ff869152000 	C:\WINDOWS\System32\KERNEL32.DLL
0x00007ff866e20000 - 0x00007ff8670c3000 	C:\WINDOWS\System32\KERNELBASE.dll
0x00007ff868850000 - 0x00007ff8688f3000 	C:\WINDOWS\System32\ADVAPI32.dll
0x00007ff8680c0000 - 0x00007ff86815e000 	C:\WINDOWS\System32\msvcrt.dll
0x00007ff868e60000 - 0x00007ff868ef7000 	C:\WINDOWS\System32\sechost.dll
0x00007ff868f80000 - 0x00007ff8690a0000 	C:\WINDOWS\System32\RPCRT4.dll
0x00007ff867c80000 - 0x00007ff867e14000 	C:\WINDOWS\System32\USER32.dll
0x00007ff866130000 - 0x00007ff866151000 	C:\WINDOWS\System32\win32u.dll
0x00007ff867e20000 - 0x00007ff867e46000 	C:\WINDOWS\System32\GDI32.dll
0x00007ff866a30000 - 0x00007ff866bc4000 	C:\WINDOWS\System32\gdi32full.dll
0x00007ff866d80000 - 0x00007ff866e1e000 	C:\WINDOWS\System32\msvcp_win.dll
0x00007ff8670f0000 - 0x00007ff8671ea000 	C:\WINDOWS\System32\ucrtbase.dll
0x00007ff83a260000 - 0x00007ff83a4e5000 	C:\WINDOWS\WinSxS\amd64_microsoft.windows.common-controls_6595b64144ccf1df_6.0.18362.778_none_e6c6b761130d4fb8\COMCTL32.dll
0x00007ff868900000 - 0x00007ff868c36000 	C:\WINDOWS\System32\combase.dll
0x00007ff866c00000 - 0x00007ff866c80000 	C:\WINDOWS\System32\bcryptPrimitives.dll
0x00007ff867300000 - 0x00007ff86732e000 	C:\WINDOWS\System32\IMM32.DLL
0x0000000056400000 - 0x00000000564d2000 	C:\Program Files\Java\jre1.8.0_241\bin\msvcr100.dll
0x0000000054330000 - 0x0000000054bdc000 	C:\Program Files\Java\jre1.8.0_241\bin\server\jvm.dll
0x00007ff867c10000 - 0x00007ff867c18000 	C:\WINDOWS\System32\PSAPI.DLL
0x00007ff85d760000 - 0x00007ff85d769000 	C:\WINDOWS\SYSTEM32\WSOCK32.dll
0x00007ff868050000 - 0x00007ff8680bf000 	C:\WINDOWS\System32\WS2_32.dll
0x00007ff858580000 - 0x00007ff8585a4000 	C:\WINDOWS\SYSTEM32\WINMM.dll
0x00007ff85ba60000 - 0x00007ff85ba6a000 	C:\WINDOWS\SYSTEM32\VERSION.dll
0x00007ff858550000 - 0x00007ff85857d000 	C:\WINDOWS\SYSTEM32\winmmbase.dll
0x00007ff866c80000 - 0x00007ff866cca000 	C:\WINDOWS\System32\cfgmgr32.dll
0x00007ff85d490000 - 0x00007ff85d49f000 	C:\Program Files\Java\jre1.8.0_241\bin\verify.dll
0x00007ff858190000 - 0x00007ff8581b9000 	C:\Program Files\Java\jre1.8.0_241\bin\java.dll
0x00007ff85d420000 - 0x00007ff85d436000 	C:\Program Files\Java\jre1.8.0_241\bin\zip.dll

VM Arguments:
jvm_args: -Dfile.encoding=Cp1252 
java_command: QuizWhizRunner
java_class_path (initial): C:\Users\rauna\Documents\GitHub\league-level2-game-raunak2007\bin
Launcher Type: SUN_STANDARD

Environment Variables:
PATH=C:/Program Files/Java/jre1.8.0_241/bin/server;C:/Program Files/Java/jre1.8.0_241/bin;C:/Program Files/Java/jre1.8.0_241/lib/amd64;C:\Program Files (x86)\Common Files\Oracle\Java\javapath;C:\WINDOWS\system32;C:\WINDOWS;C:\WINDOWS\System32\Wbem;C:\WINDOWS\System32\WindowsPowerShell\v1.0\;C:\WINDOWS\System32\OpenSSH\;C:\Users\rauna\AppData\Local\Microsoft\WindowsApps;C:\Users\rauna\AppData\Local\GitHubDesktop\bin;C:\WINDOWS\system32;
USERNAME=rauna
OS=Windows_NT
PROCESSOR_IDENTIFIER=Intel64 Family 6 Model 142 Stepping 11, GenuineIntel



---------------  S Y S T E M  ---------------

OS: Windows 10.0 , 64 bit Build 18362 (10.0.18362.778)

CPU:total 4 (initial active 4) (2 cores per cpu, 2 threads per core) family 6 model 142 stepping 11, cmov, cx8, fxsr, mmx, sse, sse2, sse3, ssse3, sse4.1, sse4.2, popcnt, avx, avx2, aes, clmul, erms, 3dnowpref, lzcnt, ht, tsc, tscinvbit, bmi1, bmi2, adx

Memory: 4k page, physical 8198388k(456292k free), swap 23664240k(5484k free)

vm_info: Java HotSpot(TM) 64-Bit Server VM (25.241-b07) for windows-amd64 JRE (1.8.0_241-b07), built on Dec 11 2019 10:21:40 by "rejava" with MS VC++ 10.0 (VS2010)

time: Mon May 04 15:40:46 2020
timezone: Pacific Daylight Time
elapsed time: 0 seconds (0d 0h 0m 0s)

